app/seeds.txt
org.deabee.android.R$styleable: int MenuGroup_android_id
org.deabee.android.R$styleable: int MaterialDrawer_material_drawer_selected_text
org.deabee.android.db.RealmField: org.deabee.android.db.RealmField ACTIVE
org.deabee.android.R$styleable: int ConstraintSet_android_rotationX
org.deabee.android.R$styleable: int ConstraintSet_android_translationZ
org.deabee.android.R$styleable: int ConstraintSet_layout_goneMarginLeft
org.deabee.android.R$styleable: int TextAppearance_android_textSize
org.deabee.android.R$styleable: int SearchView_searchIcon
org.deabee.android.R$styleable: int AppCompatTheme_colorPrimaryDark
org.deabee.android.activity.AddInsulinActivity
org.deabee.android.R$styleable: int BoxInsetLayout_Layout_layout_box
org.deabee.android.R$styleable: int ComplicationDrawable_titleColor
org.deabee.android.R$styleable: int WearableFrameLayout_layout_marginRightRound
org.deabee.android.R$styleable: int AppCompatTheme_homeAsUpIndicator
org.deabee.android.R$styleable: int Spinner_android_entries
org.deabee.android.R$styleable: int StepperLayoutTheme_ms_bottomNavigationStyle
org.deabee.android.R$styleable: int ConstraintLayout_Layout_layout_constraintEnd_toEndOf
org.deabee.android.R$styleable: int[] TabLayout
org.deabee.android.activity.ExternalLinkActivity: ExternalLinkActivity()
org.deabee.android.R$styleable: int Toolbar_subtitleTextAppearance
org.deabee.android.R$styleable: int TextAppearance_android_shadowDx
org.deabee.android.R$styleable: int CollapsingToolbarLayout_scrimAnimationDuration
org.deabee.android.db.RObject: RObject(java.lang.String,int,java.lang.String)
org.deabee.android.R$styleable: int AppCompatTheme_searchViewStyle
org.deabee.android.R$styleable: int[] MenuGroup
org.deabee.android.R$styleable: int ConstraintSet_layout_constrainedWidth
org.deabee.android.R$styleable: int AppCompatTheme_actionModeCloseDrawable
org.deabee.android.R$styleable: int AppBarLayout_elevation
org.deabee.android.R$styleable: int[] StepperLayoutTheme
org.deabee.android.R$styleable: int LinearConstraintLayout_android_orientation
org.deabee.android.R$styleable: int StepperLayout_ms_showErrorStateOnBack
org.deabee.android.R$styleable: int AppCompatTextHelper_android_drawableLeft
org.deabee.android.R$styleable: int ActionBar_contentInsetStart
org.deabee.android.activity.MessagesActivity
org.deabee.android.R$styleable: int Toolbar_contentInsetStartWithNavigation
org.deabee.android.R$styleable: int ComplicationDrawable_iconColor
org.deabee.android.db.RealmField
org.deabee.android.R$styleable: int ConstraintSet_android_visibility
org.deabee.android.R$styleable: int ConstraintSet_android_elevation
org.deabee.android.R$styleable: int TabLayout_tabTextColor
org.deabee.android.R$styleable: int PercentLayout_Layout_layout_marginBottomPercent
org.deabee.android.R$styleable: int[] RecycleListView
org.deabee.android.R$styleable: int[] CoordinatorLayout
org.deabee.android.R$styleable: int AcceptDenySwitchPreference_dialogMessage
org.deabee.android.activity.A1cCalculatorActivity_ViewBinding
org.deabee.android.R$styleable: int TextInputLayout_android_textColorHint
org.deabee.android.R$styleable: int PageIndicatorView_pageIndicatorDotFadeInDuration
org.deabee.android.R$styleable: int[] AcceptDenySwitchPreference
org.deabee.android.R$styleable: int AppCompatTheme_ratingBarStyle
org.deabee.android.R$styleable: int FontFamilyFont_android_fontStyle
org.deabee.android.R$styleable: int ActionPage_android_lineSpacingMultiplier
org.deabee.android.R$styleable: int Iconics_ico_color
org.deabee.android.R$styleable: int ConstraintLayout_Layout_android_minWidth
org.deabee.android.R$styleable: int ActionBar_homeAsUpIndicator
org.deabee.android.db.RealmField: <clinit>()
org.deabee.android.R$styleable: int CollapsingToolbarLayout_Layout_layout_collapseParallaxMultiplier
org.deabee.android.R$styleable: int AppCompatTheme_windowMinWidthMajor
org.deabee.android.R$styleable: int MenuView_android_windowAnimationStyle
org.deabee.android.R$styleable: int Toolbar_logo
...
android.support.design.R$styleable: int AppBarLayout_Layout_layout_scrollInterpolator
net.danlew.android.joda.R$raw: int joda_australia_hobart
butterknife.BindColor
com.stepstone.stepper.StepperLayout: int getSelectedColor()
com.mikepenz.materialize.R$color: int abc_input_method_navigation_guard
android.support.coreui.R$style: int TextAppearance_Compat_Notification_Time
uk.co.chrisjenx.calligraphy.R$style: int Base_Widget_AppCompat_SearchView_ActionBar
com.github.mikephil.charting.data.BarEntry: BarEntry(float,float[],java.lang.Object)
com.github.mikephil.charting.components.AxisBase: void enableGridDashedLine(float,float,float)
com.github.mikephil.charting.components.MarkerView: void setupLayoutResource(int)
com.github.mikephil.charting.components.XAxis$XAxisPosition: com.github.mikephil.charting.components.XAxis$XAxisPosition TOP
android.support.design.widget.TextInputLayout: void setError(java.lang.CharSequence)
com.mikepenz.materialdrawer.R$dimen: int design_snackbar_background_corner_radius
uk.co.chrisjenx.calligraphy.R$drawable: int abc_ic_menu_selectall_mtrl_alpha
com.mikepenz.materialdrawer.R$style: int Base_DialogWindowTitle_AppCompat
android.support.wearable.R$drawable: int action_item_icon_background
android.support.design.R$drawable: int abc_ic_arrow_drop_right_black_24dp
android.support.design.R$styleable: int MenuGroup_android_orderInCategory
android.support.wearable.R$style: int TextAppearance_WearDiag_Title
com.mikepenz.materialdrawer.R$style: int Widget_AppCompat_RatingBar_Small
com.github.mikephil.charting.charts.CombinedChart: CombinedChart(android.content.Context,android.util.AttributeSet,int)
android.support.v7.appcompat.R$styleable: int ColorStateListItem_android_alpha
android.support.v7.appcompat.R$styleable: int AppCompatTheme_alertDialogButtonGroupStyle
android.support.v7.widget.SwitchCompat: void setTextOff(java.lang.CharSequence)
com.stepstone.stepper.R$style: int Base_TextAppearance_AppCompat_Display2
com.mikepenz.materialize.R$color: int md_blue_grey_700
android.support.v7.widget.LinearLayoutManager: void onLayoutCompleted(android.support.v7.widget.RecyclerView$State)
android.support.wearable.complications.rendering.ComplicationDrawable: ComplicationDrawable(android.support.wearable.complications.rendering.ComplicationDrawable)
android.support.v7.widget.MenuItemHoverListener: void onItemHoverEnter(android.support.v7.view.menu.MenuBuilder,android.view.MenuItem)
com.mikepenz.materialize.R$color: int md_cyan_700
com.stepstone.stepper.R$id: int action_text
android.arch.lifecycle.Lifecycle$Event: Lifecycle$Event(java.lang.String,int)
uk.co.chrisjenx.calligraphy.R$styleable: int MenuGroup_android_orderInCategory
android.support.v7.widget.LinearLayoutManager: void setInitialPrefetchItemCount(int)
uk.co.chrisjenx.calligraphy.R$attr: int titleMarginEnd
com.github.mikephil.charting.charts.PieChart: float getHoleRadius()
com.mikepenz.materialdrawer.R$layout: int material_drawer_fits_not
com.mikepenz.materialdrawer.R$id: int textSpacerNoTitle
android.support.v7.widget.ActionBarContainer: android.graphics.drawable.Drawable mStackedBackground
com.mikepenz.materialdrawer.R$id: int action_container
android.support.v7.widget.StaggeredGridLayoutManager: boolean updateAnchorFromPendingData(android.support.v7.widget.RecyclerView$State,android.support.v7.widget.StaggeredGridLayoutManager$AnchorInfo)
com.stepstone.stepper.R$styleable: int MenuItem_numericModifiers
io.realm.internal.OsRealmConfig$SchemaMode: io.realm.internal.OsRealmConfig$SchemaMode SCHEMA_MODE_RESET_FILE
com.github.mikephil.charting.components.Legend: boolean mDrawInside
android.support.v7.widget.ListPopupWindow: android.support.v7.widget.ListPopupWindow$PopupTouchInterceptor mTouchInterceptor
com.mikepenz.materialize.R$color: int accent_material_dark
android.support.v7.appcompat.R$style: int Base_Widget_AppCompat_ActionButton
com.mikepenz.materialize.R$style: int Base_TextAppearance_AppCompat_Widget_PopupMenu_Header