app/mapping.txt
# compiler: R8
# compiler_version: 1.5.69
# min_api: 16
# pg_map_id: c292720
org.deabee.android.BuildConfig -> lh0:
    java.lang.String[] TRANSLATION_ARRAY -> a
org.deabee.android.GlucosioApplication -> org.deabee.android.GlucosioApplication:
    org.deabee.android.tools.LocaleHelper localeHelper -> e
    org.deabee.android.analytics.Analytics analytics -> d
    org.deabee.android.tools.Preferences preferences -> f
    void checkBadLocale(org.deabee.android.db.User) -> a
    org.deabee.android.presenter.A1CCalculatorPresenter createA1cCalculatorPresenter(org.deabee.android.activity.A1cCalculatorActivity) -> a
    org.deabee.android.presenter.HelloPresenter createHelloPresenter(org.deabee.android.activity.HelloActivity) -> a
    org.deabee.android.analytics.Analytics getAnalytics() -> a
    void onTaskCompleted(java.lang.String) -> a
    org.deabee.android.backup.Backup getBackup() -> b
    void setFont(java.lang.String) -> b
    org.deabee.android.db.DatabaseHandler getDBHandler() -> c
    org.deabee.android.tools.LocaleHelper getLocaleHelper() -> d
    org.deabee.android.tools.Preferences getPreferences() -> e
    void initFont() -> f
    void initLanguage() -> g
    void loadActiveServer() -> h
org.deabee.android.GlucosioApplication$1 -> org.deabee.android.GlucosioApplication$a:
    org.deabee.android.GlucosioApplication this$0 -> a
    java.lang.String doInBackground(java.lang.Void[]) -> a
    void onPostExecute(java.lang.String) -> a
org.deabee.android.HttpRequest -> mh0:
    java.net.URL url -> a
    java.net.HttpURLConnection con -> b
    org.deabee.android.HttpRequest prepare(org.deabee.android.HttpRequest$Method) -> a
    java.lang.String sendAndReadString() -> a
    void prepareAll(org.deabee.android.HttpRequest$Method) -> b
org.deabee.android.HttpRequest$Method -> mh0$a:
org.deabee.android.R$styleable -> nh0:
org.deabee.android.activity.A1cCalculatorActivity -> org.deabee.android.activity.A1cCalculatorActivity:
    double convertedA1C -> v
    org.deabee.android.presenter.A1CCalculatorPresenter presenter -> w
    void initActionBar() -> y
    void setMmol() -> z
org.deabee.android.activity.A1cCalculatorActivity_ViewBinding -> org.deabee.android.activity.A1cCalculatorActivity_ViewBinding:
    org.deabee.android.activity.A1cCalculatorActivity target -> b
    android.view.View view2131361827 -> c
    android.text.TextWatcher view2131361827TextWatcher -> d
    void unbind() -> a
org.deabee.android.activity.A1cCalculatorActivity_ViewBinding$1 -> org.deabee.android.activity.A1cCalculatorActivity_ViewBinding$a:
    org.deabee.android.activity.A1cCalculatorActivity val$target -> a
org.deabee.android.activity.A1cCalculatorActivity_ViewBinding$2 -> org.deabee.android.activity.A1cCalculatorActivity_ViewBinding$b:
    org.deabee.android.activity.A1cCalculatorActivity val$target -> d
org.deabee.android.activity.AboutActivity$MyPreferenceFragment -> org.deabee.android.activity.AboutActivity$a:
    void access$000(org.deabee.android.activity.AboutActivity$MyPreferenceFragment,java.lang.String) -> a
    void addTermsAnalyticsEvent(java.lang.String) -> a
org.deabee.android.activity.AboutActivity$MyPreferenceFragment$1 -> org.deabee.android.activity.AboutActivity$a$a:
    org.deabee.android.activity.AboutActivity$MyPreferenceFragment this$0 -> a
org.deabee.android.activity.AboutActivity$MyPreferenceFragment$2 -> org.deabee.android.activity.AboutActivity$a$b:
    org.deabee.android.activity.AboutActivity$MyPreferenceFragment this$0 -> a
org.deabee.android.activity.AboutActivity$MyPreferenceFragment$3 -> org.deabee.android.activity.AboutActivity$a$c:
    org.deabee.android.activity.AboutActivity$MyPreferenceFragment this$0 -> a
org.deabee.android.activity.AboutActivity$MyPreferenceFragment$4 -> org.deabee.android.activity.AboutActivity$a$d:
    org.deabee.android.activity.AboutActivity$MyPreferenceFragment this$0 -> a
org.deabee.android.activity.AboutActivity$MyPreferenceFragment$5 -> org.deabee.android.activity.AboutActivity$a$e:
    org.deabee.android.activity.AboutActivity$MyPreferenceFragment this$0 -> a
...
org.joda.time.format.DateTimeParserInternalParser -> po0:
    org.joda.time.format.DateTimeParser underlying -> d
    org.joda.time.format.DateTimeParser getUnderlying() -> a
    org.joda.time.format.InternalParser of(org.joda.time.format.DateTimeParser) -> a
org.joda.time.format.DateTimePrinter -> qo0:
    void printTo(java.io.Writer,long,org.joda.time.Chronology,int,org.joda.time.DateTimeZone,java.util.Locale) -> a
    void printTo(java.io.Writer,org.joda.time.ReadablePartial,java.util.Locale) -> a
    void printTo(java.lang.StringBuffer,long,org.joda.time.Chronology,int,org.joda.time.DateTimeZone,java.util.Locale) -> a
    void printTo(java.lang.StringBuffer,org.joda.time.ReadablePartial,java.util.Locale) -> a
org.joda.time.format.DateTimePrinterInternalPrinter -> ro0:
    org.joda.time.format.DateTimePrinter underlying -> d
    org.joda.time.format.InternalPrinter of(org.joda.time.format.DateTimePrinter) -> a
org.joda.time.format.FormatUtils -> so0:
    double LOG_10 -> a
    void appendPaddedInteger(java.lang.Appendable,int,int) -> a
    void appendPaddedInteger(java.lang.StringBuffer,int,int) -> a
    void appendUnpaddedInteger(java.lang.Appendable,int) -> a
    java.lang.String createErrorMessage(java.lang.String,int) -> a
    int parseTwoDigits(java.lang.CharSequence,int) -> a
org.joda.time.format.ISODateTimeFormat -> to0:
    org.joda.time.format.DateTimeFormatter date() -> a
    org.joda.time.format.DateTimeFormatter dateTime() -> b
    org.joda.time.format.DateTimeFormatter dateTimeParser() -> c
    org.joda.time.format.DateTimeFormatter hour() -> d
    org.joda.time.format.DateTimeFormatter weekDate() -> e
    org.joda.time.format.DateTimeFormatter yearMonthDay() -> f
org.joda.time.format.ISODateTimeFormat$Constants -> to0$a:
    org.joda.time.format.DateTimeFormatter we -> d
    org.joda.time.format.DateTimeFormatter wdt -> G
    org.joda.time.format.DateTimeFormatter tt -> C
    org.joda.time.format.DateTimeFormatter dhmsl -> y
    org.joda.time.format.DateTimeFormatter bwdtx -> X
    org.joda.time.format.DateTimeFormatter hmsl -> t
    org.joda.time.format.DateTimeFormatter bwdt -> W
    org.joda.time.format.DateTimeFormatter ww -> p
    org.joda.time.format.DateTimeFormatter bod -> S
    org.joda.time.format.DateTimeFormatter ze -> l
    org.joda.time.format.DateTimeFormatter btt -> O
    org.joda.time.format.DateTimeFormatter hde -> h
    org.joda.time.format.DateTimeFormatter odtx -> K
    org.joda.time.format.DateTimeFormatter wwe -> e
    org.joda.time.format.DateTimeFormatter ttx -> D
    org.joda.time.format.DateTimeFormatter ye -> a
    org.joda.time.format.DateTimeFormatter dpe -> Y
    org.joda.time.format.DateTimeFormatter dhmsf -> z
    org.joda.time.format.DateTimeFormatter hmsf -> u
    org.joda.time.format.DateTimeFormatter bodt -> T
    org.joda.time.format.DateTimeFormatter wwd -> q
    org.joda.time.format.DateTimeFormatter bttx -> P
    org.joda.time.format.DateTimeFormatter lte -> m
    org.joda.time.format.DateTimeFormatter ltp -> d0
    org.joda.time.format.DateTimeFormatter bd -> L
    org.joda.time.format.DateTimeFormatter ldp -> b0
    org.joda.time.format.DateTimeFormatter mhe -> i
org.joda.time.format.ISOPeriodFormat -> uo0:
    org.joda.time.format.PeriodFormatter cStandard -> a
    org.joda.time.format.PeriodFormatter standard() -> a
org.joda.time.format.InternalParser -> vo0:
org.joda.time.format.InternalParserDateTimeParser -> wo0:
    org.joda.time.format.InternalParser underlying -> d
    org.joda.time.format.DateTimeParser of(org.joda.time.format.InternalParser) -> a
    int parseInto(org.joda.time.format.DateTimeParserBucket,java.lang.String,int) -> a
org.joda.time.format.InternalPrinter -> xo0: