app/unused.txt
org.deabee.android.R$animator
org.deabee.android.listener.ItemClickSupport$2
org.deabee.android.BuildConfig
    public void <init>()
    public static final boolean DEBUG
    public static final java.lang.String APPLICATION_ID
    public static final java.lang.String BUILD_TYPE
    public static final java.lang.String FLAVOR
    public static final int VERSION_CODE
    public static final java.lang.String VERSION_NAME
    public static final java.lang.String GOOGLE_ANALYTICS_TRACKER
org.deabee.android.listener.ItemClickSupport
org.deabee.android.tools.network.GlucosioExternalLinks
org.deabee.android.activity.HelloActivity$1
org.deabee.android.db.AppSettings
    public java.lang.String getIP_ADDRESS()
    public void setIP_ADDRESS(java.lang.String)
    public java.lang.Integer getPORT()
    public void setPORT(java.lang.Integer)
    public long getId()
org.deabee.android.fragment.HistoryFragment$7
org.deabee.android.adapter.AssistantAdapter
    public void <init>(org.deabee.android.presenter.AssistantPresenter,android.content.res.Resources,java.util.List)
    private android.view.View$OnClickListener getActionListener(java.lang.String)
    static synthetic org.deabee.android.presenter.AssistantPresenter access$000(org.deabee.android.adapter.AssistantAdapter)
    public org.deabee.android.adapter.AssistantAdapter$ViewHolder onCreateViewHolder(android.view.ViewGroup,int)
    public void onBindViewHolder(org.deabee.android.adapter.AssistantAdapter$ViewHolder,int)
    public int getItemCount()
    public synthetic bridge void onBindViewHolder(android.support.v7.widget.RecyclerView$ViewHolder,int)
    public synthetic bridge android.support.v7.widget.RecyclerView$ViewHolder onCreateViewHolder(android.view.ViewGroup,int)
    private java.util.List actionTips
    private org.deabee.android.presenter.AssistantPresenter presenter
    private android.content.res.Resources res
org.deabee.android.tools.AlgorithmUtil$AlertRule
org.deabee.android.R$mipmap
org.deabee.android.adapter.RemindersAdapter
    public void <init>(android.content.Context,int)
org.deabee.android.backup.Backup
    public abstract void stop()
org.deabee.android.listener.ItemClickSupport$1
org.deabee.android.activity.AddFoodActivity
    public boolean isSuccess(java.lang.String)
    public java.lang.String getErrorCode(java.lang.String)
org.deabee.android.adapter.AssistantAdapter$ViewHolder
org.deabee.android.R$array
org.deabee.android.R$styleable
    public void <init>()
org.deabee.android.fragment.HistoryFragment$6
org.deabee.android.db.Reminder
    public void setAlarmTime(java.util.Date)
    public void setOneTime(boolean)
    public void setMetric(java.lang.String)
    public void setId(long)
    public void setLabel(java.lang.String)
org.deabee.android.R$color
org.deabee.android.presenter.AssistantPresenter
org.deabee.android.Manifest$permission
org.deabee.android.GlucosioApplication
    public static org.deabee.android.GlucosioApplication getInstance()
org.deabee.android.presenter.AddCholesterolPresenter
    public java.lang.String getUnitMeasurement()
org.deabee.android.presenter.HelloPresenter
    private boolean validAge(java.lang.String)
...
android.support.v4.content.res.ConfigurationHelper
android.support.wearable.view.WearableListView$ClickListener
android.support.wearable.view.WearableFrameLayout$LayoutParams
org.joda.time.format.PeriodFormatterBuilder$IgnorableAffix
    protected boolean matchesOtherAffix(int,java.lang.String,int)
com.mikepenz.materialdrawer.model.interfaces.Typefaceable
    public abstract java.lang.Object withTypeface(android.graphics.Typeface)
    public abstract android.graphics.Typeface getTypeface()
android.support.v4.view.ViewCompat$NestedScrollType
android.support.annotation.PluralsRes
com.google.android.gms.wearable.internal.zzad
com.mikepenz.materialdrawer.model.DividerDrawerItem$ViewHolder
com.google.android.gms.common.server.response.SafeParcelResponseCreator
com.google.android.gms.common.internal.ServiceSpecificExtraArgs
com.google.android.gms.internal.measurement.zzwe
com.google.android.gms.internal.drive.zzhb
android.support.graphics.drawable.animated.R$layout
android.support.v7.util.SortedList$BatchedCallback
com.google.android.gms.wearable.internal.zzbx
android.support.constraint.solver.SolverVariable
    private static java.lang.String getUniqueName(android.support.constraint.solver.SolverVariable$Type,java.lang.String)
    public void <init>(java.lang.String,android.support.constraint.solver.SolverVariable$Type)
    void clearStrengths()
    java.lang.String strengthsToString()
    public java.lang.String getName()
    public void setName(java.lang.String)
    private static final boolean INTERNAL_DEBUG
    public static final int STRENGTH_NONE
    public static final int STRENGTH_LOW
    public static final int STRENGTH_MEDIUM
    public static final int STRENGTH_HIGH
    public static final int STRENGTH_HIGHEST
    public static final int STRENGTH_EQUALITY
    public static final int STRENGTH_FIXED
    public static final int STRENGTH_BARRIER
    static final int MAX_STRENGTH
com.google.android.gms.common.api.GoogleApiClient
    public static void dumpAll(java.lang.String,java.io.FileDescriptor,java.io.PrintWriter,java.lang.String[])
    public static java.util.Set getAllClients()
    public boolean hasApi(com.google.android.gms.common.api.Api)
    public abstract boolean hasConnectedApi(com.google.android.gms.common.api.Api)
    public abstract com.google.android.gms.common.ConnectionResult getConnectionResult(com.google.android.gms.common.api.Api)
    public android.content.Context getContext()
    public boolean maybeSignIn(com.google.android.gms.common.api.internal.SignInConnectionListener)
    public void maybeSignOut()
    public abstract com.google.android.gms.common.ConnectionResult blockingConnect()
    public abstract com.google.android.gms.common.ConnectionResult blockingConnect(long,java.util.concurrent.TimeUnit)
    public abstract void reconnect()
    public abstract com.google.android.gms.common.api.PendingResult clearDefaultAccountAndReconnect()
    public abstract void stopAutoManage(android.support.v4.app.FragmentActivity)
    public abstract boolean isConnecting()
    public abstract void registerConnectionCallbacks(com.google.android.gms.common.api.GoogleApiClient$ConnectionCallbacks)
    public abstract boolean isConnectionCallbacksRegistered(com.google.android.gms.common.api.GoogleApiClient$ConnectionCallbacks)
android.support.v4.media.session.MediaSessionCompat$Callback$StubApi23
android.support.v4.print.PrintHelper$Orientation
com.google.android.gms.internal.measurement.zzh
com.google.android.gms.common.AccountPicker
com.google.android.gms.dynamite.IDynamiteLoaderV2$Stub
android.support.design.internal.NavigationMenuPresenter$1
android.support.annotation.FractionRes
android.support.v7.appcompat.R
android.support.wearable.view.AcceptDenyDialogFragment$1
com.google.android.gms.actions.ReserveIntents
com.google.android.gms.wearable.internal.zzcj
android.support.graphics.drawable.R$id
android.support.wearable.view.DefaultOffsettingHelper
com.google.android.gms.internal.gcm.zzj